[INFO  - 2019-01-28T19:42:30.315Z] GhostDriver - Main - running on port 50711
[INFO  - 2019-01-28T19:42:30.731Z] Session [d995b750-2334-11e9-8310-cf30f30432cd] - page.settings - {"XSSAuditingEnabled":false,"javascriptCanCloseWindows":true,"javascriptCanOpenWindows":true,"javascriptEnabled":true,"loadImages":true,"localToRemoteUrlAccessEnabled":false,"userAgent":"Mozilla/5.0 (Macintosh; Intel Mac OS X) AppleWebKit/538.1 (KHTML, like Gecko) PhantomJS/2.1.1 Safari/538.1","webSecurityEnabled":true}
[INFO  - 2019-01-28T19:42:30.731Z] Session [d995b750-2334-11e9-8310-cf30f30432cd] - page.customHeaders:  - {}
[INFO  - 2019-01-28T19:42:30.732Z] Session [d995b750-2334-11e9-8310-cf30f30432cd] - Session.negotiatedCapabilities - {"browserName":"phantomjs","version":"2.1.1","driverName":"ghostdriver","driverVersion":"1.2.0","platform":"mac-unknown-64bit","javascriptEnabled":true,"takesScreenshot":true,"handlesAlerts":false,"databaseEnabled":false,"locationContextEnabled":false,"applicationCacheEnabled":false,"browserConnectionEnabled":false,"cssSelectorsEnabled":true,"webStorageEnabled":false,"rotatable":false,"acceptSslCerts":false,"nativeEvents":true,"proxy":{"proxyType":"direct"}}
[INFO  - 2019-01-28T19:42:30.732Z] SessionManagerReqHand - _postNewSessionCommand - New Session Created: d995b750-2334-11e9-8310-cf30f30432cd
[ERROR - 2019-01-28T19:42:38.505Z] Session [d995b750-2334-11e9-8310-cf30f30432cd] - page.onError - msg: ErrorUtils caught an error: "<![EX[["Could not find element \"%s\"%s from module \"%s\"","u_0_62","","__el...". Subsequent errors won't be logged; see https://fburl.com/debugjs.

  phantomjs://platform/console++.js:263 in error
[ERROR - 2019-01-28T19:42:38.505Z] Session [d995b750-2334-11e9-8310-cf30f30432cd] - page.onError - stack:
  reportError (https://static.xx.fbcdn.net/rsrc.php/v3/y0/r/1xQg5nD6ZvD.js:55)

  phantomjs://platform/console++.js:263 in error
[ERROR - 2019-01-28T19:42:40.332Z] WebElementLocator - _handleLocateCommand - Element(s) NOT Found: GAVE UP. Search Stop Time: 1548704560280

  phantomjs://platform/console++.js:263 in error
[ERROR - 2019-01-28T19:42:47.090Z] Session [d995b750-2334-11e9-8310-cf30f30432cd] - page.onError - msg: ErrorUtils caught an error: "<![EX[["Could not find element \"%s\"%s from module \"%s\"","u_0_6b","","__el...". Subsequent errors won't be logged; see https://fburl.com/debugjs.

  phantomjs://platform/console++.js:263 in error
[ERROR - 2019-01-28T19:42:47.091Z] Session [d995b750-2334-11e9-8310-cf30f30432cd] - page.onError - stack:
  reportError (https://static.xx.fbcdn.net/rsrc.php/v3/y0/r/1xQg5nD6ZvD.js:55)

  phantomjs://platform/console++.js:263 in error
[ERROR - 2019-01-28T19:42:48.004Z] WebElementLocator - _handleLocateCommand - Element(s) NOT Found: GAVE UP. Search Stop Time: 1548704568000

  phantomjs://platform/console++.js:263 in error
[ERROR - 2019-01-28T19:42:53.907Z] WebElementLocator - _handleLocateCommand - Element(s) NOT Found: GAVE UP. Search Stop Time: 1548704573851

  phantomjs://platform/console++.js:263 in error
